[debug] [2025-03-19T06:51:40.258Z] ----------------------------------------------------------------------
[debug] [2025-03-19T06:51:40.261Z] Command:       C:\Program Files\nodejs\node.exe C:\Users\ArifCoskun\AppData\Roaming\npm\node_modules\firebase-tools\lib\bin\firebase.js init emulators
[debug] [2025-03-19T06:51:40.261Z] CLI Version:   13.34.0
[debug] [2025-03-19T06:51:40.261Z] Platform:      win32
[debug] [2025-03-19T06:51:40.261Z] Node Version:  v23.4.0
[debug] [2025-03-19T06:51:40.261Z] Time:          Tue Mar 18 2025 23:51:40 GMT-0700 (Pacific Daylight Time)
[debug] [2025-03-19T06:51:40.261Z] ----------------------------------------------------------------------
[debug] 
[debug] [2025-03-19T06:51:40.376Z] > command requires scopes: ["email","openid","https://www.googleapis.com/auth/cloudplatformprojects.readonly","https://www.googleapis.com/auth/firebase","https://www.googleapis.com/auth/cloud-platform"]
[debug] [2025-03-19T06:51:40.376Z] > authorizing via signed-in user (coskun.arf@gmail.com)
[info] 
     ######## #### ########  ######## ########     ###     ######  ########
     ##        ##  ##     ## ##       ##     ##  ##   ##  ##       ##
     ######    ##  ########  ######   ########  #########  ######  ######
     ##        ##  ##    ##  ##       ##     ## ##     ##       ## ##
     ##       #### ##     ## ######## ########  ##     ##  ######  ########

You're about to initialize a Firebase project in this directory:

  C:\CodiumDev\mentalhealthV1\firebase

Before we get started, keep in mind:

  * You are currently outside your home directory
  * You are initializing within an existing Firebase project directory

[debug] [2025-03-19T06:51:49.057Z] ----------------------------------------------------------------------
[debug] [2025-03-19T06:51:49.060Z] Command:       C:\Program Files\nodejs\node.exe C:\Users\ArifCoskun\AppData\Roaming\npm\node_modules\firebase-tools\lib\bin\firebase.js emulators:start
[debug] [2025-03-19T06:51:49.060Z] CLI Version:   13.34.0
[debug] [2025-03-19T06:51:49.060Z] Platform:      win32
[debug] [2025-03-19T06:51:49.060Z] Node Version:  v23.4.0
[debug] [2025-03-19T06:51:49.060Z] Time:          Tue Mar 18 2025 23:51:49 GMT-0700 (Pacific Daylight Time)
[debug] [2025-03-19T06:51:49.060Z] ----------------------------------------------------------------------
[debug] 
[debug] [2025-03-19T06:51:49.213Z] > command requires scopes: ["email","openid","https://www.googleapis.com/auth/cloudplatformprojects.readonly","https://www.googleapis.com/auth/firebase","https://www.googleapis.com/auth/cloud-platform"]
[debug] [2025-03-19T06:51:49.213Z] > authorizing via signed-in user (coskun.arf@gmail.com)
[debug] [2025-03-19T06:51:49.690Z] openjdk version "17.0.13" 2024-10-15 LTS
OpenJDK Runtime Environment Microsoft-10376486 (build 17.0.13+11-LTS)

[debug] [2025-03-19T06:51:49.691Z] OpenJDK 64-Bit Server VM Microsoft-10376486 (build 17.0.13+11-LTS, mixed mode, sharing)

[debug] [2025-03-19T06:51:49.704Z] Parsed Java major version: 17
[info] i  emulators: Starting emulators: auth, functions, firestore, pubsub, storage, extensions {"metadata":{"emulator":{"name":"hub"},"message":"Starting emulators: auth, functions, firestore, pubsub, storage, extensions"}}
[debug] [2025-03-19T06:51:49.706Z] Checked if tokens are valid: true, expires at: 1742370657028
[debug] [2025-03-19T06:51:49.706Z] Checked if tokens are valid: true, expires at: 1742370657028
[debug] [2025-03-19T06:51:49.706Z] >>> [apiv2][query] GET https://cloudresourcemanager.googleapis.com/v1/projects/mentalhealthv1 [none]
[debug] [2025-03-19T06:51:49.943Z] <<< [apiv2][status] GET https://cloudresourcemanager.googleapis.com/v1/projects/mentalhealthv1 200
[debug] [2025-03-19T06:51:49.943Z] <<< [apiv2][body] GET https://cloudresourcemanager.googleapis.com/v1/projects/mentalhealthv1 {"projectNumber":"367653332774","projectId":"mentalhealthv1","lifecycleState":"ACTIVE","name":"mentalhealthV1","labels":{"firebase":"enabled","firebase-core":"disabled","generative-language":"enabled"},"createTime":"2025-01-18T01:07:16.125057Z"}
[debug] [2025-03-19T06:51:49.956Z] [logging] Logging Emulator only supports listening on one address (127.0.0.1). Not listening on ::1
[debug] [2025-03-19T06:51:49.956Z] [auth] Authentication Emulator only supports listening on one address (127.0.0.1). Not listening on ::1
[debug] [2025-03-19T06:51:49.956Z] [firestore] Firestore Emulator only supports listening on one address (127.0.0.1). Not listening on ::1
[debug] [2025-03-19T06:51:49.956Z] [firestore.websocket] websocket server for firestore only supports listening on one address (127.0.0.1). Not listening on ::1
[debug] [2025-03-19T06:51:49.957Z] [pubsub] Pub/Sub Emulator only supports listening on one address (127.0.0.1). Not listening on ::1
[debug] [2025-03-19T06:51:49.957Z] [storage] Storage Emulator only supports listening on one address (127.0.0.1). Not listening on ::1
[debug] [2025-03-19T06:51:49.957Z] assigned listening specs for emulators {"user":{"hub":[{"address":"127.0.0.1","family":"IPv4","port":4400},{"address":"::1","family":"IPv6","port":4400}],"ui":[{"address":"127.0.0.1","family":"IPv4","port":4000},{"address":"::1","family":"IPv6","port":4000}],"logging":[{"address":"127.0.0.1","family":"IPv4","port":4500}],"auth":[{"address":"127.0.0.1","family":"IPv4","port":9099}],"firestore":[{"address":"127.0.0.1","family":"IPv4","port":8080}],"firestore.websocket":[{"address":"127.0.0.1","family":"IPv4","port":9150}],"pubsub":[{"address":"127.0.0.1","family":"IPv4","port":8085}],"storage":[{"address":"127.0.0.1","family":"IPv4","port":9199}]},"metadata":{"message":"assigned listening specs for emulators"}}
[debug] [2025-03-19T06:51:49.960Z] [hub] writing locator at C:\Users\ARIFCO~1\AppData\Local\Temp\hub-mentalhealthv1.json
[debug] [2025-03-19T06:51:49.967Z] [Extensions] Started Extensions emulator, this is a noop.
[debug] [2025-03-19T06:51:49.972Z] [functions] Functions Emulator only supports listening on one address (127.0.0.1). Not listening on ::1
[debug] [2025-03-19T06:51:49.972Z] [eventarc] Eventarc Emulator only supports listening on one address (127.0.0.1). Not listening on ::1
[debug] [2025-03-19T06:51:49.972Z] [tasks] Cloud Tasks Emulator only supports listening on one address (127.0.0.1). Not listening on ::1
[debug] [2025-03-19T06:51:49.972Z] late-assigned ports for functions and eventarc emulators {"user":{"hub":[{"address":"127.0.0.1","family":"IPv4","port":4400},{"address":"::1","family":"IPv6","port":4400}],"ui":[{"address":"127.0.0.1","family":"IPv4","port":4000},{"address":"::1","family":"IPv6","port":4000}],"logging":[{"address":"127.0.0.1","family":"IPv4","port":4500}],"auth":[{"address":"127.0.0.1","family":"IPv4","port":9099}],"firestore":[{"address":"127.0.0.1","family":"IPv4","port":8080}],"firestore.websocket":[{"address":"127.0.0.1","family":"IPv4","port":9150}],"pubsub":[{"address":"127.0.0.1","family":"IPv4","port":8085}],"storage":[{"address":"127.0.0.1","family":"IPv4","port":9199}],"functions":[{"address":"127.0.0.1","family":"IPv4","port":5001}],"eventarc":[{"address":"127.0.0.1","family":"IPv4","port":9299}],"tasks":[{"address":"127.0.0.1","family":"IPv4","port":9499}]},"metadata":{"message":"late-assigned ports for functions and eventarc emulators"}}
[warn] !  functions: The following emulators are not running, calls to these services from the Functions emulator will affect production: apphosting, database, hosting, dataconnect {"metadata":{"emulator":{"name":"functions"},"message":"The following emulators are not running, calls to these services from the Functions emulator will affect production: \u001b[1mapphosting, database, hosting, dataconnect\u001b[22m"}}
[debug] [2025-03-19T06:51:49.977Z] defaultcredentials: writing to file C:\Users\ArifCoskun\AppData\Roaming\firebase\coskun_arf_gmail.com_application_default_credentials.json
[debug] [2025-03-19T06:51:49.980Z] Setting GAC to C:\Users\ArifCoskun\AppData\Roaming\firebase\coskun_arf_gmail.com_application_default_credentials.json {"metadata":{"emulator":{"name":"functions"},"message":"Setting GAC to C:\\Users\\ArifCoskun\\AppData\\Roaming\\firebase\\coskun_arf_gmail.com_application_default_credentials.json"}}
[debug] [2025-03-19T06:51:49.980Z] Checked if tokens are valid: true, expires at: 1742370657028
[debug] [2025-03-19T06:51:49.980Z] Checked if tokens are valid: true, expires at: 1742370657028
[debug] [2025-03-19T06:51:49.981Z] >>> [apiv2][query] GET https://firebase.googleapis.com/v1beta1/projects/mentalhealthv1/adminSdkConfig [none]
[debug] [2025-03-19T06:51:50.350Z] <<< [apiv2][status] GET https://firebase.googleapis.com/v1beta1/projects/mentalhealthv1/adminSdkConfig 200
[debug] [2025-03-19T06:51:50.351Z] <<< [apiv2][body] GET https://firebase.googleapis.com/v1beta1/projects/mentalhealthv1/adminSdkConfig {"projectId":"mentalhealthv1","storageBucket":"mentalhealthv1.firebasestorage.app"}
[debug] [2025-03-19T06:51:50.378Z] Ignoring unsupported arg: auto_download {"metadata":{"emulator":{"name":"firestore"},"message":"Ignoring unsupported arg: auto_download"}}
[debug] [2025-03-19T06:51:50.378Z] Ignoring unsupported arg: single_project_mode_error {"metadata":{"emulator":{"name":"firestore"},"message":"Ignoring unsupported arg: single_project_mode_error"}}
[debug] [2025-03-19T06:51:50.378Z] Starting Firestore Emulator with command {"binary":"java","args":["-Dgoogle.cloud_firestore.debug_log_level=FINE","-Duser.language=en","-jar","C:\\Users\\ArifCoskun\\.cache\\firebase\\emulators\\cloud-firestore-emulator-v1.19.8.jar","--host","127.0.0.1","--port",8080,"--websocket_port",9150,"--project_id","mentalhealthv1","--rules","C:\\CodiumDev\\mentalhealthV1\\firebase\\firestore.rules","--single_project_mode",true,"--functions_emulator","127.0.0.1:5001"],"optionalArgs":["port","webchannel_port","host","rules","websocket_port","functions_emulator","seed_from_export","project_id","single_project_mode"],"joinArgs":false,"shell":false,"port":8080} {"metadata":{"emulator":{"name":"firestore"},"message":"Starting Firestore Emulator with command {\"binary\":\"java\",\"args\":[\"-Dgoogle.cloud_firestore.debug_log_level=FINE\",\"-Duser.language=en\",\"-jar\",\"C:\\\\Users\\\\ArifCoskun\\\\.cache\\\\firebase\\\\emulators\\\\cloud-firestore-emulator-v1.19.8.jar\",\"--host\",\"127.0.0.1\",\"--port\",8080,\"--websocket_port\",9150,\"--project_id\",\"mentalhealthv1\",\"--rules\",\"C:\\\\CodiumDev\\\\mentalhealthV1\\\\firebase\\\\firestore.rules\",\"--single_project_mode\",true,\"--functions_emulator\",\"127.0.0.1:5001\"],\"optionalArgs\":[\"port\",\"webchannel_port\",\"host\",\"rules\",\"websocket_port\",\"functions_emulator\",\"seed_from_export\",\"project_id\",\"single_project_mode\"],\"joinArgs\":false,\"shell\":false,\"port\":8080}"}}
[info] i  firestore: Firestore Emulator logging to firestore-debug.log {"metadata":{"emulator":{"name":"firestore"},"message":"Firestore Emulator logging to \u001b[1mfirestore-debug.log\u001b[22m"}}
[debug] [2025-03-19T06:51:52.136Z] Mar 18, 2025 11:51:52 PM com.google.cloud.datastore.emulator.firestore.websocket.WebSocketServer start
INFO: Started WebSocket server on ws://127.0.0.1:9150
 {"metadata":{"emulator":{"name":"firestore"},"message":"Mar 18, 2025 11:51:52 PM com.google.cloud.datastore.emulator.firestore.websocket.WebSocketServer start\r\nINFO: Started WebSocket server on ws://127.0.0.1:9150\r\n"}}
[debug] [2025-03-19T06:51:52.246Z] API endpoint: http://127.0.0.1:8080
If you are using a library that supports the FIRESTORE_EMULATOR_HOST environment variable, run:

   export FIRESTORE_EMULATOR_HOST=127.0.0.1:8080

If you are running a Firestore in Datastore Mode project, run:
 {"metadata":{"emulator":{"name":"firestore"},"message":"API endpoint: http://127.0.0.1:8080\nIf you are using a library that supports the FIRESTORE_EMULATOR_HOST environment variable, run:\r\n\n   export FIRESTORE_EMULATOR_HOST=127.0.0.1:8080\n\nIf you are running a Firestore in Datastore Mode project, run:\r\n"}}
[debug] [2025-03-19T06:51:52.246Z] 
   export DATASTORE_EMULATOR_HOST=127.0.0.1:8080

Note: Support for Datastore Mode is in preview. If you encounter any bugs please file at https://github.com/firebase/firebase-tools/issues.
Dev App Server is now running.

 {"metadata":{"emulator":{"name":"firestore"},"message":"\n   export DATASTORE_EMULATOR_HOST=127.0.0.1:8080\n\nNote: Support for Datastore Mode is in preview. If you encounter any bugs please file at https://github.com/firebase/firebase-tools/issues.\r\nDev App Server is now running.\n\r\n"}}
[info] +  firestore: Firestore Emulator UI websocket is running on 9150. {"metadata":{"emulator":{"name":"firestore"},"message":"Firestore Emulator UI websocket is running on 9150."}}
[debug] [2025-03-19T06:51:56.808Z] Ignoring unsupported arg: projectId {"metadata":{"emulator":{"name":"pubsub"},"message":"Ignoring unsupported arg: projectId"}}
[debug] [2025-03-19T06:51:56.809Z] Ignoring unsupported arg: auto_download {"metadata":{"emulator":{"name":"pubsub"},"message":"Ignoring unsupported arg: auto_download"}}
[debug] [2025-03-19T06:51:56.809Z] Starting Pub/Sub Emulator with command {"binary":"C:\\Users\\ArifCoskun\\.cache\\firebase\\emulators\\pubsub-emulator-0.8.14\\pubsub-emulator\\bin\\cloud-pubsub-emulator.bat","args":["--host=127.0.0.1","--port=8085"],"optionalArgs":["port","host"],"joinArgs":true,"shell":true,"port":8085} {"metadata":{"emulator":{"name":"pubsub"},"message":"Starting Pub/Sub Emulator with command {\"binary\":\"C:\\\\Users\\\\ArifCoskun\\\\.cache\\\\firebase\\\\emulators\\\\pubsub-emulator-0.8.14\\\\pubsub-emulator\\\\bin\\\\cloud-pubsub-emulator.bat\",\"args\":[\"--host=127.0.0.1\",\"--port=8085\"],\"optionalArgs\":[\"port\",\"host\"],\"joinArgs\":true,\"shell\":true,\"port\":8085}"}}
[info] i  pubsub: Pub/Sub Emulator logging to pubsub-debug.log {"metadata":{"emulator":{"name":"pubsub"},"message":"Pub/Sub Emulator logging to \u001b[1mpubsub-debug.log\u001b[22m"}}
[debug] [2025-03-19T06:51:59.745Z] Ignoring unsupported arg: port {"metadata":{"emulator":{"name":"storage"},"message":"Ignoring unsupported arg: port"}}
[debug] [2025-03-19T06:52:00.703Z] Temp file directory for storage emulator: C:\Users\ARIFCO~1\AppData\Local\Temp/firebase/storage/blobs {"metadata":{"emulator":{"name":"storage"},"message":"Temp file directory for storage emulator: C:\\Users\\ARIFCO~1\\AppData\\Local\\Temp/firebase/storage/blobs"}}
[info] i  ui: downloading ui-v1.14.0.zip... {"metadata":{"emulator":{"name":"ui"},"message":"downloading ui-v1.14.0.zip..."}}
[debug] [2025-03-19T06:52:00.712Z] >>> [apiv2][query] GET https://storage.googleapis.com/firebase-preview-drop/emulator/ui-v1.14.0.zip 
[debug] [2025-03-19T06:52:00.785Z] <<< [apiv2][status] GET https://storage.googleapis.com/firebase-preview-drop/emulator/ui-v1.14.0.zip 200
[debug] [2025-03-19T06:52:00.786Z] <<< [apiv2][body] GET https://storage.googleapis.com/firebase-preview-drop/emulator/ui-v1.14.0.zip [stream]
[debug] [2025-03-19T06:52:01.334Z] Data is 3615311
[debug] [2025-03-19T06:52:01.334Z] [unzip] Entry: client/ (compressed_size=0 bytes, uncompressed_size=0 bytes)
[debug] [2025-03-19T06:52:01.334Z] [unzip] Processing entry: client\
[debug] [2025-03-19T06:52:01.334Z] [unzip] mkdir: C:\Users\ArifCoskun\.cache\firebase\emulators\ui-v1.14.0\client\
[debug] [2025-03-19T06:52:01.336Z] [unzip] Entry: client/favicon-16x16.png (compressed_size=293 bytes, uncompressed_size=293 bytes)
[debug] [2025-03-19T06:52:01.336Z] [unzip] Processing entry: client\favicon-16x16.png
[debug] [2025-03-19T06:52:01.336Z] [unzip] else mkdir: C:\Users\ArifCoskun\.cache\firebase\emulators\ui-v1.14.0\client
[debug] [2025-03-19T06:52:01.336Z] [unzip] Writing file: C:\Users\ArifCoskun\.cache\firebase\emulators\ui-v1.14.0\client\favicon-16x16.png
[debug] [2025-03-19T06:52:01.340Z] [unzip] Entry: client/safari-pinned-tab.svg (compressed_size=1433 bytes, uncompressed_size=2611 bytes)
[debug] [2025-03-19T06:52:01.340Z] [unzip] Processing entry: client\safari-pinned-tab.svg
[debug] [2025-03-19T06:52:01.340Z] [unzip] else mkdir: C:\Users\ArifCoskun\.cache\firebase\emulators\ui-v1.14.0\client
[debug] [2025-03-19T06:52:01.341Z] [unzip] deflating: C:\Users\ArifCoskun\.cache\firebase\emulators\ui-v1.14.0\client\safari-pinned-tab.svg
[debug] [2025-03-19T06:52:01.345Z] [unzip] Entry: client/favicon.ico (compressed_size=2933 bytes, uncompressed_size=13294 bytes)
[debug] [2025-03-19T06:52:01.345Z] [unzip] Processing entry: client\favicon.ico
[debug] [2025-03-19T06:52:01.345Z] [unzip] else mkdir: C:\Users\ArifCoskun\.cache\firebase\emulators\ui-v1.14.0\client
[debug] [2025-03-19T06:52:01.346Z] [unzip] deflating: C:\Users\ArifCoskun\.cache\firebase\emulators\ui-v1.14.0\client\favicon.ico
[debug] [2025-03-19T06:52:01.349Z] [unzip] Entry: client/index.html (compressed_size=1363 bytes, uncompressed_size=3071 bytes)
[debug] [2025-03-19T06:52:01.349Z] [unzip] Processing entry: client\index.html
[debug] [2025-03-19T06:52:01.349Z] [unzip] else mkdir: C:\Users\ArifCoskun\.cache\firebase\emulators\ui-v1.14.0\client
[debug] [2025-03-19T06:52:01.349Z] [unzip] deflating: C:\Users\ArifCoskun\.cache\firebase\emulators\ui-v1.14.0\client\index.html
[debug] [2025-03-19T06:52:01.352Z] [unzip] Entry: client/android-chrome-192x192.png (compressed_size=2684 bytes, uncompressed_size=2684 bytes)
[debug] [2025-03-19T06:52:01.352Z] [unzip] Processing entry: client\android-chrome-192x192.png
[debug] [2025-03-19T06:52:01.352Z] [unzip] else mkdir: C:\Users\ArifCoskun\.cache\firebase\emulators\ui-v1.14.0\client
[debug] [2025-03-19T06:52:01.353Z] [unzip] Writing file: C:\Users\ArifCoskun\.cache\firebase\emulators\ui-v1.14.0\client\android-chrome-192x192.png
[debug] [2025-03-19T06:52:01.355Z] [unzip] Entry: client/apple-touch-icon.png (compressed_size=2123 bytes, uncompressed_size=2152 bytes)
[debug] [2025-03-19T06:52:01.355Z] [unzip] Processing entry: client\apple-touch-icon.png
[debug] [2025-03-19T06:52:01.355Z] [unzip] else mkdir: C:\Users\ArifCoskun\.cache\firebase\emulators\ui-v1.14.0\client
[debug] [2025-03-19T06:52:01.356Z] [unzip] deflating: C:\Users\ArifCoskun\.cache\firebase\emulators\ui-v1.14.0\client\apple-touch-icon.png
[debug] [2025-03-19T06:52:01.359Z] [unzip] Entry: client/android-chrome-512x512.png (compressed_size=5369 bytes, uncompressed_size=5411 bytes)
[debug] [2025-03-19T06:52:01.359Z] [unzip] Processing entry: client\android-chrome-512x512.png
[debug] [2025-03-19T06:52:01.359Z] [unzip] else mkdir: C:\Users\ArifCoskun\.cache\firebase\emulators\ui-v1.14.0\client
[debug] [2025-03-19T06:52:01.360Z] [unzip] deflating: C:\Users\ArifCoskun\.cache\firebase\emulators\ui-v1.14.0\client\android-chrome-512x512.png
[debug] [2025-03-19T06:52:01.362Z] [unzip] Entry: client/manifest.json (compressed_size=245 bytes, uncompressed_size=551 bytes)
[debug] [2025-03-19T06:52:01.362Z] [unzip] Processing entry: client\manifest.json
[debug] [2025-03-19T06:52:01.362Z] [unzip] else mkdir: C:\Users\ArifCoskun\.cache\firebase\emulators\ui-v1.14.0\client
[debug] [2025-03-19T06:52:01.363Z] [unzip] deflating: C:\Users\ArifCoskun\.cache\firebase\emulators\ui-v1.14.0\client\manifest.json
[debug] [2025-03-19T06:52:01.366Z] [unzip] Entry: client/robots.txt (compressed_size=26 bytes, uncompressed_size=26 bytes)
[debug] [2025-03-19T06:52:01.366Z] [unzip] Processing entry: client\robots.txt
[debug] [2025-03-19T06:52:01.366Z] [unzip] else mkdir: C:\Users\ArifCoskun\.cache\firebase\emulators\ui-v1.14.0\client
[debug] [2025-03-19T06:52:01.366Z] [unzip] Writing file: C:\Users\ArifCoskun\.cache\firebase\emulators\ui-v1.14.0\client\robots.txt
[debug] [2025-03-19T06:52:01.368Z] [unzip] Entry: client/mstile-150x150.png (compressed_size=2034 bytes, uncompressed_size=2034 bytes)
[debug] [2025-03-19T06:52:01.368Z] [unzip] Processing entry: client\mstile-150x150.png
[debug] [2025-03-19T06:52:01.368Z] [unzip] else mkdir: C:\Users\ArifCoskun\.cache\firebase\emulators\ui-v1.14.0\client
[debug] [2025-03-19T06:52:01.369Z] [unzip] Writing file: C:\Users\ArifCoskun\.cache\firebase\emulators\ui-v1.14.0\client\mstile-150x150.png
[debug] [2025-03-19T06:52:01.371Z] [unzip] Entry: client/assets/ (compressed_size=0 bytes, uncompressed_size=0 bytes)
[debug] [2025-03-19T06:52:01.371Z] [unzip] Processing entry: client\assets\
[debug] [2025-03-19T06:52:01.371Z] [unzip] mkdir: C:\Users\ArifCoskun\.cache\firebase\emulators\ui-v1.14.0\client\assets\
[debug] [2025-03-19T06:52:01.372Z] [unzip] Entry: client/assets/index-ClZTY_JS.js.map (compressed_size=2328270 bytes, uncompressed_size=9947004 bytes)
[debug] [2025-03-19T06:52:01.372Z] [unzip] Processing entry: client\assets\index-ClZTY_JS.js.map
[debug] [2025-03-19T06:52:01.372Z] [unzip] else mkdir: C:\Users\ArifCoskun\.cache\firebase\emulators\ui-v1.14.0\client\assets
[debug] [2025-03-19T06:52:01.372Z] [unzip] deflating: C:\Users\ArifCoskun\.cache\firebase\emulators\ui-v1.14.0\client\assets\index-ClZTY_JS.js.map
[debug] [2025-03-19T06:52:01.432Z] [unzip] Entry: client/assets/index-ClZTY_JS.js (compressed_size=567195 bytes, uncompressed_size=2035940 bytes)
[debug] [2025-03-19T06:52:01.432Z] [unzip] Processing entry: client\assets\index-ClZTY_JS.js
[debug] [2025-03-19T06:52:01.432Z] [unzip] else mkdir: C:\Users\ArifCoskun\.cache\firebase\emulators\ui-v1.14.0\client\assets
[debug] [2025-03-19T06:52:01.432Z] [unzip] deflating: C:\Users\ArifCoskun\.cache\firebase\emulators\ui-v1.14.0\client\assets\index-ClZTY_JS.js
[debug] [2025-03-19T06:52:01.450Z] [unzip] Entry: client/assets/index-BdgySamB.css (compressed_size=35979 bytes, uncompressed_size=298654 bytes)
[debug] [2025-03-19T06:52:01.450Z] [unzip] Processing entry: client\assets\index-BdgySamB.css
[debug] [2025-03-19T06:52:01.450Z] [unzip] else mkdir: C:\Users\ArifCoskun\.cache\firebase\emulators\ui-v1.14.0\client\assets
[debug] [2025-03-19T06:52:01.450Z] [unzip] deflating: C:\Users\ArifCoskun\.cache\firebase\emulators\ui-v1.14.0\client\assets\index-BdgySamB.css
[debug] [2025-03-19T06:52:01.453Z] [unzip] Entry: client/assets/extensions/ (compressed_size=0 bytes, uncompressed_size=0 bytes)
[debug] [2025-03-19T06:52:01.454Z] [unzip] Processing entry: client\assets\extensions\
[debug] [2025-03-19T06:52:01.454Z] [unzip] mkdir: C:\Users\ArifCoskun\.cache\firebase\emulators\ui-v1.14.0\client\assets\extensions\
[debug] [2025-03-19T06:52:01.454Z] [unzip] Entry: client/assets/extensions/default-extension.png (compressed_size=1646 bytes, uncompressed_size=1657 bytes)
[debug] [2025-03-19T06:52:01.454Z] [unzip] Processing entry: client\assets\extensions\default-extension.png
[debug] [2025-03-19T06:52:01.454Z] [unzip] else mkdir: C:\Users\ArifCoskun\.cache\firebase\emulators\ui-v1.14.0\client\assets\extensions
[debug] [2025-03-19T06:52:01.454Z] [unzip] deflating: C:\Users\ArifCoskun\.cache\firebase\emulators\ui-v1.14.0\client\assets\extensions\default-extension.png
[debug] [2025-03-19T06:52:01.456Z] [unzip] Entry: client/assets/img/ (compressed_size=0 bytes, uncompressed_size=0 bytes)
[debug] [2025-03-19T06:52:01.456Z] [unzip] Processing entry: client\assets\img\
[debug] [2025-03-19T06:52:01.456Z] [unzip] mkdir: C:\Users\ArifCoskun\.cache\firebase\emulators\ui-v1.14.0\client\assets\img\
[debug] [2025-03-19T06:52:01.457Z] [unzip] Entry: client/assets/img/database.png (compressed_size=29449 bytes, uncompressed_size=29988 bytes)
[debug] [2025-03-19T06:52:01.457Z] [unzip] Processing entry: client\assets\img\database.png
[debug] [2025-03-19T06:52:01.457Z] [unzip] else mkdir: C:\Users\ArifCoskun\.cache\firebase\emulators\ui-v1.14.0\client\assets\img
[debug] [2025-03-19T06:52:01.457Z] [unzip] deflating: C:\Users\ArifCoskun\.cache\firebase\emulators\ui-v1.14.0\client\assets\img\database.png
[debug] [2025-03-19T06:52:01.459Z] [unzip] Entry: client/assets/provider-icons/ (compressed_size=0 bytes, uncompressed_size=0 bytes)
[debug] [2025-03-19T06:52:01.459Z] [unzip] Processing entry: client\assets\provider-icons\
[debug] [2025-03-19T06:52:01.459Z] [unzip] mkdir: C:\Users\ArifCoskun\.cache\firebase\emulators\ui-v1.14.0\client\assets\provider-icons\
[debug] [2025-03-19T06:52:01.459Z] [unzip] Entry: client/assets/provider-icons/auth_service_saml.svg (compressed_size=575 bytes, uncompressed_size=1226 bytes)
[debug] [2025-03-19T06:52:01.459Z] [unzip] Processing entry: client\assets\provider-icons\auth_service_saml.svg
[debug] [2025-03-19T06:52:01.459Z] [unzip] else mkdir: C:\Users\ArifCoskun\.cache\firebase\emulators\ui-v1.14.0\client\assets\provider-icons
[debug] [2025-03-19T06:52:01.460Z] [unzip] deflating: C:\Users\ArifCoskun\.cache\firebase\emulators\ui-v1.14.0\client\assets\provider-icons\auth_service_saml.svg
[debug] [2025-03-19T06:52:01.462Z] [unzip] Entry: client/assets/provider-icons/auth_service_phone.svg (compressed_size=261 bytes, uncompressed_size=414 bytes)
[debug] [2025-03-19T06:52:01.462Z] [unzip] Processing entry: client\assets\provider-icons\auth_service_phone.svg
[debug] [2025-03-19T06:52:01.462Z] [unzip] else mkdir: C:\Users\ArifCoskun\.cache\firebase\emulators\ui-v1.14.0\client\assets\provider-icons
[debug] [2025-03-19T06:52:01.463Z] [unzip] deflating: C:\Users\ArifCoskun\.cache\firebase\emulators\ui-v1.14.0\client\assets\provider-icons\auth_service_phone.svg
[debug] [2025-03-19T06:52:01.464Z] [unzip] Entry: client/assets/provider-icons/auth_service_facebook.svg (compressed_size=289 bytes, uncompressed_size=457 bytes)
[debug] [2025-03-19T06:52:01.464Z] [unzip] Processing entry: client\assets\provider-icons\auth_service_facebook.svg
[debug] [2025-03-19T06:52:01.464Z] [unzip] else mkdir: C:\Users\ArifCoskun\.cache\firebase\emulators\ui-v1.14.0\client\assets\provider-icons
[debug] [2025-03-19T06:52:01.465Z] [unzip] deflating: C:\Users\ArifCoskun\.cache\firebase\emulators\ui-v1.14.0\client\assets\provider-icons\auth_service_facebook.svg
[debug] [2025-03-19T06:52:01.467Z] [unzip] Entry: client/assets/provider-icons/auth_service_game_center.svg (compressed_size=991 bytes, uncompressed_size=3921 bytes)
[debug] [2025-03-19T06:52:01.467Z] [unzip] Processing entry: client\assets\provider-icons\auth_service_game_center.svg
[debug] [2025-03-19T06:52:01.467Z] [unzip] else mkdir: C:\Users\ArifCoskun\.cache\firebase\emulators\ui-v1.14.0\client\assets\provider-icons
[debug] [2025-03-19T06:52:01.467Z] [unzip] deflating: C:\Users\ArifCoskun\.cache\firebase\emulators\ui-v1.14.0\client\assets\provider-icons\auth_service_game_center.svg
[debug] [2025-03-19T06:52:01.469Z] [unzip] Entry: client/assets/provider-icons/auth_service_apple.svg (compressed_size=230 bytes, uncompressed_size=334 bytes)
[debug] [2025-03-19T06:52:01.469Z] [unzip] Processing entry: client\assets\provider-icons\auth_service_apple.svg
[debug] [2025-03-19T06:52:01.469Z] [unzip] else mkdir: C:\Users\ArifCoskun\.cache\firebase\emulators\ui-v1.14.0\client\assets\provider-icons
[debug] [2025-03-19T06:52:01.470Z] [unzip] deflating: C:\Users\ArifCoskun\.cache\firebase\emulators\ui-v1.14.0\client\assets\provider-icons\auth_service_apple.svg
[debug] [2025-03-19T06:52:01.471Z] [unzip] Entry: client/assets/provider-icons/auth_service_github.svg (compressed_size=466 bytes, uncompressed_size=838 bytes)
[debug] [2025-03-19T06:52:01.472Z] [unzip] Processing entry: client\assets\provider-icons\auth_service_github.svg
[debug] [2025-03-19T06:52:01.472Z] [unzip] else mkdir: C:\Users\ArifCoskun\.cache\firebase\emulators\ui-v1.14.0\client\assets\provider-icons
[debug] [2025-03-19T06:52:01.472Z] [unzip] deflating: C:\Users\ArifCoskun\.cache\firebase\emulators\ui-v1.14.0\client\assets\provider-icons\auth_service_github.svg
[debug] [2025-03-19T06:52:01.474Z] [unzip] Entry: client/assets/provider-icons/auth_service_mslive.svg (compressed_size=203 bytes, uncompressed_size=378 bytes)
[debug] [2025-03-19T06:52:01.474Z] [unzip] Processing entry: client\assets\provider-icons\auth_service_mslive.svg
[debug] [2025-03-19T06:52:01.474Z] [unzip] else mkdir: C:\Users\ArifCoskun\.cache\firebase\emulators\ui-v1.14.0\client\assets\provider-icons
[debug] [2025-03-19T06:52:01.474Z] [unzip] deflating: C:\Users\ArifCoskun\.cache\firebase\emulators\ui-v1.14.0\client\assets\provider-icons\auth_service_mslive.svg
[debug] [2025-03-19T06:52:01.476Z] [unzip] Entry: client/assets/provider-icons/auth_service_yahoo.svg (compressed_size=577 bytes, uncompressed_size=1182 bytes)
[debug] [2025-03-19T06:52:01.476Z] [unzip] Processing entry: client\assets\provider-icons\auth_service_yahoo.svg
[debug] [2025-03-19T06:52:01.476Z] [unzip] else mkdir: C:\Users\ArifCoskun\.cache\firebase\emulators\ui-v1.14.0\client\assets\provider-icons
[debug] [2025-03-19T06:52:01.476Z] [unzip] deflating: C:\Users\ArifCoskun\.cache\firebase\emulators\ui-v1.14.0\client\assets\provider-icons\auth_service_yahoo.svg
[debug] [2025-03-19T06:52:01.478Z] [unzip] Entry: client/assets/provider-icons/auth_service_twitter.svg (compressed_size=444 bytes, uncompressed_size=751 bytes)
[debug] [2025-03-19T06:52:01.478Z] [unzip] Processing entry: client\assets\provider-icons\auth_service_twitter.svg
[debug] [2025-03-19T06:52:01.478Z] [unzip] else mkdir: C:\Users\ArifCoskun\.cache\firebase\emulators\ui-v1.14.0\client\assets\provider-icons
[debug] [2025-03-19T06:52:01.478Z] [unzip] deflating: C:\Users\ArifCoskun\.cache\firebase\emulators\ui-v1.14.0\client\assets\provider-icons\auth_service_twitter.svg
[debug] [2025-03-19T06:52:01.480Z] [unzip] Entry: client/assets/provider-icons/auth_service_play_games.svg (compressed_size=565 bytes, uncompressed_size=1173 bytes)
[debug] [2025-03-19T06:52:01.480Z] [unzip] Processing entry: client\assets\provider-icons\auth_service_play_games.svg
[debug] [2025-03-19T06:52:01.480Z] [unzip] else mkdir: C:\Users\ArifCoskun\.cache\firebase\emulators\ui-v1.14.0\client\assets\provider-icons
[debug] [2025-03-19T06:52:01.480Z] [unzip] deflating: C:\Users\ArifCoskun\.cache\firebase\emulators\ui-v1.14.0\client\assets\provider-icons\auth_service_play_games.svg
[debug] [2025-03-19T06:52:01.482Z] [unzip] Entry: client/assets/provider-icons/auth_service_email.svg (compressed_size=228 bytes, uncompressed_size=326 bytes)
[debug] [2025-03-19T06:52:01.482Z] [unzip] Processing entry: client\assets\provider-icons\auth_service_email.svg
[debug] [2025-03-19T06:52:01.482Z] [unzip] else mkdir: C:\Users\ArifCoskun\.cache\firebase\emulators\ui-v1.14.0\client\assets\provider-icons
[debug] [2025-03-19T06:52:01.482Z] [unzip] deflating: C:\Users\ArifCoskun\.cache\firebase\emulators\ui-v1.14.0\client\assets\provider-icons\auth_service_email.svg
[debug] [2025-03-19T06:52:01.484Z] [unzip] Entry: client/assets/provider-icons/auth_service_google.svg (compressed_size=409 bytes, uncompressed_size=720 bytes)
[debug] [2025-03-19T06:52:01.484Z] [unzip] Processing entry: client\assets\provider-icons\auth_service_google.svg
[debug] [2025-03-19T06:52:01.484Z] [unzip] else mkdir: C:\Users\ArifCoskun\.cache\firebase\emulators\ui-v1.14.0\client\assets\provider-icons
[debug] [2025-03-19T06:52:01.484Z] [unzip] deflating: C:\Users\ArifCoskun\.cache\firebase\emulators\ui-v1.14.0\client\assets\provider-icons\auth_service_google.svg
[debug] [2025-03-19T06:52:01.486Z] [unzip] Entry: client/assets/provider-icons/auth_service_oidc.svg (compressed_size=414 bytes, uncompressed_size=858 bytes)
[debug] [2025-03-19T06:52:01.487Z] [unzip] Processing entry: client\assets\provider-icons\auth_service_oidc.svg
[debug] [2025-03-19T06:52:01.487Z] [unzip] else mkdir: C:\Users\ArifCoskun\.cache\firebase\emulators\ui-v1.14.0\client\assets\provider-icons
[debug] [2025-03-19T06:52:01.487Z] [unzip] deflating: C:\Users\ArifCoskun\.cache\firebase\emulators\ui-v1.14.0\client\assets\provider-icons\auth_service_oidc.svg
[debug] [2025-03-19T06:52:01.489Z] [unzip] Entry: client/browserconfig.xml (compressed_size=491 bytes, uncompressed_size=822 bytes)
[debug] [2025-03-19T06:52:01.489Z] [unzip] Processing entry: client\browserconfig.xml
[debug] [2025-03-19T06:52:01.489Z] [unzip] else mkdir: C:\Users\ArifCoskun\.cache\firebase\emulators\ui-v1.14.0\client
[debug] [2025-03-19T06:52:01.490Z] [unzip] deflating: C:\Users\ArifCoskun\.cache\firebase\emulators\ui-v1.14.0\client\browserconfig.xml
[debug] [2025-03-19T06:52:01.491Z] [unzip] Entry: client/favicon-32x32.png (compressed_size=475 bytes, uncompressed_size=475 bytes)
[debug] [2025-03-19T06:52:01.491Z] [unzip] Processing entry: client\favicon-32x32.png
[debug] [2025-03-19T06:52:01.491Z] [unzip] else mkdir: C:\Users\ArifCoskun\.cache\firebase\emulators\ui-v1.14.0\client
[debug] [2025-03-19T06:52:01.491Z] [unzip] Writing file: C:\Users\ArifCoskun\.cache\firebase\emulators\ui-v1.14.0\client\favicon-32x32.png
[debug] [2025-03-19T06:52:01.494Z] [unzip] Entry: server/ (compressed_size=0 bytes, uncompressed_size=0 bytes)
[debug] [2025-03-19T06:52:01.494Z] [unzip] Processing entry: server\
[debug] [2025-03-19T06:52:01.494Z] [unzip] mkdir: C:\Users\ArifCoskun\.cache\firebase\emulators\ui-v1.14.0\server\
[debug] [2025-03-19T06:52:01.494Z] [unzip] Entry: server/server.mjs.map (compressed_size=296496 bytes, uncompressed_size=1355667 bytes)
[debug] [2025-03-19T06:52:01.494Z] [unzip] Processing entry: server\server.mjs.map
[debug] [2025-03-19T06:52:01.494Z] [unzip] else mkdir: C:\Users\ArifCoskun\.cache\firebase\emulators\ui-v1.14.0\server
[debug] [2025-03-19T06:52:01.495Z] [unzip] deflating: C:\Users\ArifCoskun\.cache\firebase\emulators\ui-v1.14.0\server\server.mjs.map
[debug] [2025-03-19T06:52:01.507Z] [unzip] Entry: server/server.mjs (compressed_size=315701 bytes, uncompressed_size=1172682 bytes)
[debug] [2025-03-19T06:52:01.507Z] [unzip] Processing entry: server\server.mjs
[debug] [2025-03-19T06:52:01.507Z] [unzip] else mkdir: C:\Users\ArifCoskun\.cache\firebase\emulators\ui-v1.14.0\server
[debug] [2025-03-19T06:52:01.507Z] [unzip] deflating: C:\Users\ArifCoskun\.cache\firebase\emulators\ui-v1.14.0\server\server.mjs
[debug] [2025-03-19T06:52:01.515Z] [unzip] Entry: server/assets/ (compressed_size=0 bytes, uncompressed_size=0 bytes)
[debug] [2025-03-19T06:52:01.515Z] [unzip] Processing entry: server\assets\
[debug] [2025-03-19T06:52:01.515Z] [unzip] mkdir: C:\Users\ArifCoskun\.cache\firebase\emulators\ui-v1.14.0\server\assets\
[debug] [2025-03-19T06:52:01.516Z] [unzip] Entry: server/assets/multipart-parser-DGCUZdXu.mjs.map (compressed_size=4791 bytes, uncompressed_size=17918 bytes)
[debug] [2025-03-19T06:52:01.516Z] [unzip] Processing entry: server\assets\multipart-parser-DGCUZdXu.mjs.map
[debug] [2025-03-19T06:52:01.516Z] [unzip] else mkdir: C:\Users\ArifCoskun\.cache\firebase\emulators\ui-v1.14.0\server\assets
[debug] [2025-03-19T06:52:01.516Z] [unzip] deflating: C:\Users\ArifCoskun\.cache\firebase\emulators\ui-v1.14.0\server\assets\multipart-parser-DGCUZdXu.mjs.map
[debug] [2025-03-19T06:52:01.518Z] [unzip] Entry: server/assets/multipart-parser-DGCUZdXu.mjs (compressed_size=2621 bytes, uncompressed_size=10390 bytes)
[debug] [2025-03-19T06:52:01.518Z] [unzip] Processing entry: server\assets\multipart-parser-DGCUZdXu.mjs
[debug] [2025-03-19T06:52:01.518Z] [unzip] else mkdir: C:\Users\ArifCoskun\.cache\firebase\emulators\ui-v1.14.0\server\assets
[debug] [2025-03-19T06:52:01.518Z] [unzip] deflating: C:\Users\ArifCoskun\.cache\firebase\emulators\ui-v1.14.0\server\assets\multipart-parser-DGCUZdXu.mjs
[debug] [2025-03-19T06:52:01.524Z] [Extensions] Connecting Extensions emulator, this is a noop.
[info] i  functions: Watching "C:\CodiumDev\mentalhealthV1\firebase\functions" for Cloud Functions... {"metadata":{"emulator":{"name":"functions"},"message":"Watching \"C:\\CodiumDev\\mentalhealthV1\\firebase\\functions\" for Cloud Functions..."}}
[error] !!  functions: Failed to load function definition from source: FirebaseError: Detected node engine >=10 in package.json, which is not a supported version. Valid versions are 18, 20, 22 {"metadata":{"emulator":{"name":"functions"},"message":"Failed to load function definition from source: FirebaseError: Detected node engine >=10 in package.json, which is not a supported version. Valid versions are 18, 20, 22"}}
[debug] [2025-03-19T06:52:01.531Z] Could not find VSCode notification endpoint: FetchError: request to http://localhost:40001/vscode/notify failed, reason: connect ECONNREFUSED ::1:40001. If you are not running the Firebase Data Connect VSCode extension, this is expected and not an issue.
[info] 
┌─────────────────────────────────────────────────────────────┐
│ ✔  All emulators ready! It is now safe to connect your app. │
│ i  View Emulator UI at http://127.0.0.1:4000/               │
└─────────────────────────────────────────────────────────────┘

┌────────────────┬────────────────┬──────────────────────────────────┐
│ Emulator       │ Host:Port      │ View in Emulator UI              │
├────────────────┼────────────────┼──────────────────────────────────┤
│ Authentication │ 127.0.0.1:9099 │ http://127.0.0.1:4000/auth       │
├────────────────┼────────────────┼──────────────────────────────────┤
│ Functions      │ 127.0.0.1:5001 │ http://127.0.0.1:4000/functions  │
├────────────────┼────────────────┼──────────────────────────────────┤
│ Firestore      │ 127.0.0.1:8080 │ http://127.0.0.1:4000/firestore  │
├────────────────┼────────────────┼──────────────────────────────────┤
│ Pub/Sub        │ 127.0.0.1:8085 │ n/a                              │
├────────────────┼────────────────┼──────────────────────────────────┤
│ Storage        │ 127.0.0.1:9199 │ http://127.0.0.1:4000/storage    │
├────────────────┼────────────────┼──────────────────────────────────┤
│ Extensions     │ 127.0.0.1:5001 │ http://127.0.0.1:4000/extensions │
└────────────────┴────────────────┴──────────────────────────────────┘
  Emulator Hub host: 127.0.0.1 port: 4400
  Other reserved ports: 4500, 9150
┌─────────────────────────┬───────────────┬─────────────────────┐
│ Extension Instance Name │ Extension Ref │ View in Emulator UI │
└─────────────────────────┴───────────────┴─────────────────────┘
Issues? Report them at https://github.com/firebase/firebase-tools/issues and attach the *-debug.log files.
 
[debug] [2025-03-19T07:03:43.641Z] File C:\CodiumDev\mentalhealthV1\firebase\functions\src\api\insights.ts changed, reloading triggers {"metadata":{"emulator":{"name":"functions"},"message":"File C:\\CodiumDev\\mentalhealthV1\\firebase\\functions\\src\\api\\insights.ts changed, reloading triggers"}}
[error] !!  functions: Failed to load function definition from source: FirebaseError: Detected node engine >=10 in package.json, which is not a supported version. Valid versions are 18, 20, 22 {"metadata":{"emulator":{"name":"functions"},"message":"Failed to load function definition from source: FirebaseError: Detected node engine >=10 in package.json, which is not a supported version. Valid versions are 18, 20, 22"}}
[debug] [2025-03-19T07:04:08.089Z] File C:\CodiumDev\mentalhealthV1\firebase\functions\src\scheduled\notificationManager.ts changed, reloading triggers {"metadata":{"emulator":{"name":"functions"},"message":"File C:\\CodiumDev\\mentalhealthV1\\firebase\\functions\\src\\scheduled\\notificationManager.ts changed, reloading triggers"}}
[error] !!  functions: Failed to load function definition from source: FirebaseError: Detected node engine >=10 in package.json, which is not a supported version. Valid versions are 18, 20, 22 {"metadata":{"emulator":{"name":"functions"},"message":"Failed to load function definition from source: FirebaseError: Detected node engine >=10 in package.json, which is not a supported version. Valid versions are 18, 20, 22"}}
[info] i  firestore: Change detected, updating rules... 
[debug] [2025-03-19T07:04:41.266Z] >>> [apiv2][query] PUT http://127.0.0.1:8080/emulator/v1/projects/mentalhealthv1:securityRules [none]
[debug] [2025-03-19T07:04:41.266Z] >>> [apiv2][body] PUT http://127.0.0.1:8080/emulator/v1/projects/mentalhealthv1:securityRules {"ignore_errors":true,"rules":{"files":[{"name":"security.rules","content":"rules_version = '2';\n\nservice cloud.firestore {\n  match /databases/{database}/documents {\n    // Common validation functions\n    function isSignedIn() {\n      return request.auth != null;\n    }\n\n    function isCurrentUser(userId) {\n      return isSignedIn() && request.auth.uid == userId;\n    }\n\n    function isValidMood() {\n      let requiredFields = ['userId', 'timestamp', 'mood', 'value'];\n      let hasAllFields = requiredFields.hasAll(request.resource.data.keys());\n      let validValue = request.resource.data.value >= 0 && request.resource.data.value <= 100;\n\n      return hasAllFields && validValue;\n    }\n\n    // User profile data with validation\n    match /users/{userId} {\n      allow read: if isCurrentUser(userId);\n      allow create: if isCurrentUser(userId) && \n                      request.resource.data.keys().hasAll(['email', 'displayName', 'createdAt']);\n      allow update: if isCurrentUser(userId) && \n                      request.resource.data.diff(resource.data).affectedKeys()\n                      .hasAny(['displayName', 'photoURL', 'settings', 'stats']);\n      allow delete: if false;\n    }\n\n    // Mood tracking data with validation\n    match /moods/{moodId} {\n      allow read: if isSignedIn() && request.auth.uid == resource.data.userId;\n      allow create: if isSignedIn() && \n                      request.auth.uid == request.resource.data.userId && \n                      isValidMood();\n      allow update: if isSignedIn() && \n                      request.auth.uid == resource.data.userId;\n      allow delete: if isSignedIn() && \n                      request.auth.uid == resource.data.userId;\n    }\n\n    // Exercise data\n    match /exercises/{exerciseId} {\n      allow read: if isSignedIn();\n      allow write: if false; // Only admin can modify exercises\n    }\n\n    // Meditation data\n    match /meditations/{meditationId} {\n      allow read: if isSignedIn();\n      allow write: if false; // Only admin can modify meditations\n    }\n\n    // User progress data\n    match /users/{userId}/progress/{progressId} {\n      allow read: if isCurrentUser(userId);\n      allow create: if isCurrentUser(userId);\n      allow update: if isCurrentUser(userId);\n      allow delete: if false;\n    }\n\n    // Survey responses\n    match /surveys/{surveyId} {\n      allow read: if isSignedIn() && request.auth.uid == resource.data.userId;\n      allow create: if isSignedIn() && request.auth.uid == request.resource.data.userId;\n      allow update: if isSignedIn() && request.auth.uid == resource.data.userId;\n      allow delete: if false;\n    }\n  }\n}"}]}}
[debug] [2025-03-19T07:04:41.275Z] Mar 19, 2025 12:04:41 AM io.gapi.emulators.netty.HttpVersionRoutingHandler channelRead
INFO: Detected non-HTTP/2 connection.
 {"metadata":{"emulator":{"name":"firestore"},"message":"Mar 19, 2025 12:04:41 AM io.gapi.emulators.netty.HttpVersionRoutingHandler channelRead\r\nINFO: Detected non-HTTP/2 connection.\r\n"}}
[debug] [2025-03-19T07:04:41.528Z] Mar 19, 2025 12:04:41 AM io.gapi.emulators.netty.HttpVersionRoutingHandler channelRead
INFO: Detected HTTP/2 connection.
 {"metadata":{"emulator":{"name":"firestore"},"message":"Mar 19, 2025 12:04:41 AM io.gapi.emulators.netty.HttpVersionRoutingHandler channelRead\r\nINFO: Detected HTTP/2 connection.\r\n"}}
[debug] [2025-03-19T07:04:42.568Z] <<< [apiv2][status] PUT http://127.0.0.1:8080/emulator/v1/projects/mentalhealthv1:securityRules 200
[debug] [2025-03-19T07:04:42.569Z] <<< [apiv2][body] PUT http://127.0.0.1:8080/emulator/v1/projects/mentalhealthv1:securityRules {}
[info] +  firestore: Rules updated. 
[debug] [2025-03-19T07:49:10.104Z] File C:\CodiumDev\mentalhealthV1\firebase\functions\src\api\insights.ts changed, reloading triggers {"metadata":{"emulator":{"name":"functions"},"message":"File C:\\CodiumDev\\mentalhealthV1\\firebase\\functions\\src\\api\\insights.ts changed, reloading triggers"}}
[debug] [2025-03-19T07:49:10.119Z] File C:\CodiumDev\mentalhealthV1\firebase\functions\src\scheduled\notificationManager.ts changed, reloading triggers {"metadata":{"emulator":{"name":"functions"},"message":"File C:\\CodiumDev\\mentalhealthV1\\firebase\\functions\\src\\scheduled\\notificationManager.ts changed, reloading triggers"}}
[info] i  firestore: Change detected, updating rules... 
[debug] [2025-03-19T07:49:10.131Z] >>> [apiv2][query] PUT http://127.0.0.1:8080/emulator/v1/projects/mentalhealthv1:securityRules [none]
[debug] [2025-03-19T07:49:10.132Z] >>> [apiv2][body] PUT http://127.0.0.1:8080/emulator/v1/projects/mentalhealthv1:securityRules {"ignore_errors":true,"rules":{"files":[{"name":"security.rules","content":"rules_version = '2';\n\nservice cloud.firestore {\n  match /databases/{database}/documents {\n    // Common validation functions\n    function isSignedIn() {\n      return request.auth != null;\n    }\n\n    function isCurrentUser(userId) {\n      return isSignedIn() && request.auth.uid == userId;\n    }\n\n    function isValidMood() {\n      let requiredFields = ['userId', 'timestamp', 'mood', 'value'];\n      let hasAllFields = requiredFields.hasAll(request.resource.data.keys());\n      let validValue = request.resource.data.value >= 0 && request.resource.data.value <= 100;\n\n      return hasAllFields && validValue;\n    }\n\n    // User profile data with validation\n    match /users/{userId} {\n      allow read: if isCurrentUser(userId);\n      allow create: if isCurrentUser(userId) && \n                      request.resource.data.keys().hasAll(['email', 'displayName', 'createdAt']);\n      allow update: if isCurrentUser(userId) && \n                      request.resource.data.diff(resource.data).affectedKeys()\n                      .hasAny(['displayName', 'photoURL', 'settings', 'stats']);\n      allow delete: if false;\n    }\n\n    // Mood tracking data with validation\n    match /moods/{moodId} {\n      allow read: if isSignedIn() && request.auth.uid == resource.data.userId;\n      allow create: if isSignedIn() && \n                      request.auth.uid == request.resource.data.userId && \n                      isValidMood();\n      allow update: if isSignedIn() && \n                      request.auth.uid == resource.data.userId;\n      allow delete: if isSignedIn() && \n                      request.auth.uid == resource.data.userId;\n    }\n\n    // Exercise data\n    match /exercises/{exerciseId} {\n      allow read: if isSignedIn();\n      allow write: if false; // Only admin can modify exercises\n    }\n\n    // Meditation data\n    match /meditations/{meditationId} {\n      allow read: if isSignedIn();\n      allow write: if false; // Only admin can modify meditations\n    }\n\n    // User progress data\n    match /users/{userId}/progress/{progressId} {\n      allow read: if isCurrentUser(userId);\n      allow create: if isCurrentUser(userId);\n      allow update: if isCurrentUser(userId);\n      allow delete: if false;\n    }\n\n    // Survey responses\n    match /surveys/{surveyId} {\n      allow read: if isSignedIn() && request.auth.uid == resource.data.userId;\n      allow create: if isSignedIn() && request.auth.uid == request.resource.data.userId;\n      allow update: if isSignedIn() && request.auth.uid == resource.data.userId;\n      allow delete: if false;\n    }\n  }\n}"}]}}
[debug] [2025-03-19T07:49:10.138Z] Mar 19, 2025 12:49:10 AM io.gapi.emulators.netty.HttpVersionRoutingHandler channelRead
INFO: Detected non-HTTP/2 connection.
 {"metadata":{"emulator":{"name":"firestore"},"message":"Mar 19, 2025 12:49:10 AM io.gapi.emulators.netty.HttpVersionRoutingHandler channelRead\r\nINFO: Detected non-HTTP/2 connection.\r\n"}}
[debug] [2025-03-19T07:49:10.150Z] Mar 19, 2025 12:49:10 AM io.gapi.emulators.netty.HttpVersionRoutingHandler channelRead
INFO: Detected HTTP/2 connection.
 {"metadata":{"emulator":{"name":"firestore"},"message":"Mar 19, 2025 12:49:10 AM io.gapi.emulators.netty.HttpVersionRoutingHandler channelRead\r\nINFO: Detected HTTP/2 connection.\r\n"}}
[debug] [2025-03-19T07:49:10.358Z] <<< [apiv2][status] PUT http://127.0.0.1:8080/emulator/v1/projects/mentalhealthv1:securityRules 200
[debug] [2025-03-19T07:49:10.358Z] <<< [apiv2][body] PUT http://127.0.0.1:8080/emulator/v1/projects/mentalhealthv1:securityRules {}
[info] +  firestore: Rules updated. 
[error] !!  functions: Failed to load function definition from source: FirebaseError: Detected node engine >=10 in package.json, which is not a supported version. Valid versions are 18, 20, 22 {"metadata":{"emulator":{"name":"functions"},"message":"Failed to load function definition from source: FirebaseError: Detected node engine >=10 in package.json, which is not a supported version. Valid versions are 18, 20, 22"}}
